<?xml version="1.0" encoding="UTF-8"?>
<!-- Generated by org.testng.reporters.JUnitXMLReporter -->
<testsuite ignored="0" hostname="DESKTOP-VABIGQ2" failures="0" tests="57" name="Test" time="87.28" errors="0" timestamp="2024-02-16T15:40:41 IST">
  <testcase classname="TestCases.CarLoanEMI" name="clickOnCarLoanLink" time="0.368"/>
  <testcase classname="TestCases.CarLoanEMI" name="setCarAmount" time="0.666"/>
  <testcase classname="TestCases.CarLoanEMI" name="setInterestRate" time="0.673"/>
  <testcase classname="TestCases.CarLoanEMI" name="setLoanTenure" time="0.652"/>
  <testcase classname="TestCases.CarLoanEMI" name="clickOnyear" time="0.11"/>
  <testcase classname="TestCases.CarLoanEMI" name="readData" time="0.087"/>
  <testcase classname="TestCases.HomeLoanEMI" name="calculatorsDropDownValidation" time="0.117"/>
  <testcase classname="TestCases.HomeLoanEMI" name="homeLoanEmiCalculatorValidation" time="11.579"/>
  <testcase classname="TestCases.HomeLoanEMI" name="validateHomeValueInputfield" time="3.596"/>
  <testcase classname="TestCases.HomeLoanEMI" name="validateDownPaymentInputFieldInPercentage" time="3.399"/>
  <testcase classname="TestCases.HomeLoanEMI" name="validateDownPaymentRupeesButton" time="0.249"/>
  <testcase classname="TestCases.HomeLoanEMI" name="validateLoanInsuranceInputField" time="3.326"/>
  <testcase classname="TestCases.HomeLoanEMI" name="validateInterestRateInputField" time="0.137"/>
  <testcase classname="TestCases.HomeLoanEMI" name="validateLoanTenureInputField" time="0.254"/>
  <testcase classname="TestCases.HomeLoanEMI" name="validateLoanTenureMonthsButton" time="0.22"/>
  <testcase classname="TestCases.HomeLoanEMI" name="validateLoanChargesInputField" time="4.184"/>
  <testcase classname="TestCases.HomeLoanEMI" name="validateLoanChargesRupeesButtonElement" time="0.163"/>
  <testcase classname="TestCases.HomeLoanEMI" name="validateLoanStartMonthAndYearField" time="0.113"/>
  <testcase classname="TestCases.HomeLoanEMI" name="validateLoanStartMonthAndYearInputField" time="0.509"/>
  <testcase classname="TestCases.HomeLoanEMI" name="validateOneTimeExpensesInputField" time="0.107"/>
  <testcase classname="TestCases.HomeLoanEMI" name="validateOneTimeExpensesRupeesButton" time="3.154"/>
  <testcase classname="TestCases.HomeLoanEMI" name="validatePropertyTaxesPerYearInputField" time="0.13"/>
  <testcase classname="TestCases.HomeLoanEMI" name="validatePropertyTaxesPerYearRupeesButton" time="3.187"/>
  <testcase classname="TestCases.HomeLoanEMI" name="validateHomeInsurancePerYearInputField" time="0.118"/>
  <testcase classname="TestCases.HomeLoanEMI" name="validateHomeInsurancePerYearRupeesButton" time="3.166"/>
  <testcase classname="TestCases.HomeLoanEMI" name="validateMaintenanceExpensesPerMonthInputField" time="0.157"/>
  <testcase classname="TestCases.HomeLoanEMI" name="printAllTheData" time="8.695"/>
  <testcase classname="TestCases.EMICalculator" name="calculatorsDropDownValidationFromHomeLoan" time="0.163"/>
  <testcase classname="TestCases.EMICalculator" name="emiCalculatorPageValidation" time="1.261"/>
  <testcase classname="TestCases.CalculateEmiUICheck" name="validateEmiCalculatorLink" time="0.038"/>
  <testcase classname="TestCases.CalculateEmiUICheck" name="verifyEmiCalculatorLoanAmountInputFieldPresence" time="0.026"/>
  <testcase classname="TestCases.CalculateEmiUICheck" name="validateEmiCalculatorLoanAmountInputFieldByPassingValue" time="0.31"/>
  <testcase classname="TestCases.CalculateEmiUICheck" name="verifyEmiCalculatorInterestRateInputFieldPresence" time="0.027"/>
  <testcase classname="TestCases.CalculateEmiUICheck" name="validateEmiCalculatorInterestRateInputFieldByPassingValue" time="0.348"/>
  <testcase classname="TestCases.CalculateEmiUICheck" name="verifyEmiCalculatorLoanTenureInputFieldPresence" time="0.03"/>
  <testcase classname="TestCases.CalculateEmiUICheck" name="validateEmiCalculatorLoanTenureInputFieldByPassingValue" time="0.34"/>
  <testcase classname="TestCases.CalculateEmiUICheck" name="validateEmiCalculatorLoanTenureMonthButton" time="3.284"/>
  <testcase classname="TestCases.CalculateEmiUICheck" name="verifyEmiCalculatorLoanChargesInputFieldPresence" time="0.037"/>
  <testcase classname="TestCases.CalculateEmiUICheck" name="validateEmiCalculatorLoanChargesInputFieldByPassingValue" time="0.327"/>
  <testcase classname="TestCases.LoanAmountCalculatorUICheck" name="validateLoanAmountCalculatorLink" time="0.183"/>
  <testcase classname="TestCases.LoanAmountCalculatorUICheck" name="verifyEmiInputFieldPresence" time="0.033"/>
  <testcase classname="TestCases.LoanAmountCalculatorUICheck" name="verifyEmiInputFieldByPassingValue" time="0.344"/>
  <testcase classname="TestCases.LoanAmountCalculatorUICheck" name="verifyLoanAmountInterestRateInputFieldPresence" time="0.032"/>
  <testcase classname="TestCases.LoanAmountCalculatorUICheck" name="validateLoanAmountInterestRateInputFieldByPassingValue" time="0.359"/>
  <testcase classname="TestCases.LoanAmountCalculatorUICheck" name="verifyLoanAmountTenureInputFieldPresence" time="0.03"/>
  <testcase classname="TestCases.LoanAmountCalculatorUICheck" name="validateLoanAmountTenureInputFieldByPassingValue" time="0.3"/>
  <testcase classname="TestCases.LoanAmountCalculatorUICheck" name="validateLoanAmountLoanTenureMonthButton" time="3.328"/>
  <testcase classname="TestCases.LoanAmountCalculatorUICheck" name="verifyLoanAmountLoanChargesInputFieldPresence" time="0.051"/>
  <testcase classname="TestCases.LoanAmountCalculatorUICheck" name="validateLoanAmountLoanChargesInputFieldByPassingValue" time="0.301"/>
  <testcase classname="TestCases.LoanTenureCalculatorUICheck" name="validateLoanTenureCalculatorLink" time="0.171"/>
  <testcase classname="TestCases.LoanTenureCalculatorUICheck" name="verifyLoanTenureLoanAmountInputFieldPresence" time="0.025"/>
  <testcase classname="TestCases.LoanTenureCalculatorUICheck" name="validateLoanTenureLoanAmountInputFieldByPassingValue" time="0.382"/>
  <testcase classname="TestCases.LoanTenureCalculatorUICheck" name="verifyLoanTenureEmiInputFieldPresence" time="0.028"/>
  <testcase classname="TestCases.LoanTenureCalculatorUICheck" name="verifyLoanTenureInterestRateInputFieldPresence" time="0.027"/>
  <testcase classname="TestCases.LoanTenureCalculatorUICheck" name="validateLoanTenureInterestRateInputFieldByPassingValue" time="0.313"/>
  <testcase classname="TestCases.LoanTenureCalculatorUICheck" name="verifyLoanTenuteLoanChargesInputFieldPresence" time="0.025"/>
  <testcase classname="TestCases.LoanTenureCalculatorUICheck" name="validateLoanTenureLoanChargesInputFieldByValue" time="0.311"/>
</testsuite> <!-- Test -->
